C:\LEAP\CPP\TETRIS\RELEASE\PIECES.OBJ
C:\LEAP\CPP\TETRIS\RELEASE\MAIN.OBJ
C:\LEAP\CPP\TETRIS\RELEASE\IO.OBJ
C:\LEAP\CPP\TETRIS\RELEASE\GAME.OBJ
C:\LEAP\CPP\TETRIS\RELEASE\BOARD.OBJ
C:\LEAP\CPP\TETRIS\RELEASE\VC110.PDB
C:\LEAP\CPP\RELEASE\TETRIS.EXE
C:\LEAP\CPP\RELEASE\TETRIS.PDB
C:\LEAP\cpp\Release\Tetris.lib
C:\LEAP\cpp\Release\Tetris.exp
C:\LEAP\cpp\Tetris\Release\Board.obj
C:\LEAP\cpp\Tetris\Release\Game.obj
C:\LEAP\cpp\Tetris\Release\IO.obj
C:\LEAP\cpp\Tetris\Release\Main.obj
C:\LEAP\cpp\Tetris\Release\Pieces.obj
C:\LEAP\cpp\Tetris\Release\cl.command.1.tlog
C:\LEAP\cpp\Tetris\Release\CL.read.1.tlog
C:\LEAP\cpp\Tetris\Release\CL.write.1.tlog
C:\LEAP\cpp\Tetris\Release\link-cvtres.read.1.tlog
C:\LEAP\cpp\Tetris\Release\link-cvtres.write.1.tlog
C:\LEAP\cpp\Tetris\Release\link-rc.read.1.tlog
C:\LEAP\cpp\Tetris\Release\link-rc.write.1.tlog
C:\LEAP\cpp\Tetris\Release\link.command.1.tlog
C:\LEAP\cpp\Tetris\Release\link.read.1.tlog
C:\LEAP\cpp\Tetris\Release\link.write.1.tlog
C:\LEAP\cpp\Tetris\Release\Tetris.write.1.tlog
C:\LEAP\cpp\Tetris\Release\vc110.pdb
C:\LEAP\cpp\Release\Tetris.pdb
C:\LEAP\cpp\Release\Tetris.exe
