Build started 1/28/2013 4:11:56 PM.
     1>Project "C:\LEAP\cpp\Tetris\Tetris.vcxproj" on node 3 (Rebuild target(s)).
     1>ClCompile:
         C:\Program Files (x86)\Microsoft Visual Studio 11.0\VC\bin\CL.exe /c /Zi /nologo /W3 /WX- /O2 /Oi /Oy- /GL /D _MBCS /Gm- /EHsc /MD /GS /Gy /fp:precise /Zc:wchar_t /Zc:forScope /Fo"Release\\" /Fd"Release\vc110.pdb" /Gd /TP /analyze- /errorReport:prompt Board.cpp Game.cpp IO.cpp Main.cpp Pieces.cpp
         Board.cpp
         Game.cpp
         IO.cpp
         Main.cpp
         Pieces.cpp
       Link:
         C:\Program Files (x86)\Microsoft Visual Studio 11.0\VC\bin\link.exe /ERRORREPORT:PROMPT /OUT:"C:\LEAP\cpp\Release\Tetris.exe" /NOLOGO kernel32.lib user32.lib gdi32.lib winspool.lib comdlg32.lib advapi32.lib shell32.lib ole32.lib oleaut32.lib uuid.lib odbc32.lib odbccp32.lib /MANIFEST /MANIFESTUAC:"level='asInvoker' uiAccess='false'" /manifest:embed /DEBUG /PDB:"C:\LEAP\cpp\Release\Tetris.pdb" /OPT:REF /OPT:ICF /LTCG /TLBID:1 /DYNAMICBASE /NXCOMPAT /IMPLIB:"C:\LEAP\cpp\Release\Tetris.lib" /MACHINE:X86 /SAFESEH Release\Board.obj
         Release\Game.obj
         Release\IO.obj
         Release\Main.obj
         Release\Pieces.obj
         Leap.lib
            Creating library C:\LEAP\cpp\Release\Tetris.lib and object C:\LEAP\cpp\Release\Tetris.exp
         Generating code
         Finished generating code
     1>SDL_GfxPrimitives_Static.lib(SDL_gfxPrimitives.obj) : warning LNK4099: PDB 'vc110.pdb' was not found with 'SDL_GfxPrimitives_Static.lib(SDL_gfxPrimitives.obj)' or at 'C:\LEAP\cpp\Release\vc110.pdb'; linking object as if no debug info
         Tetris.vcxproj -> C:\LEAP\cpp\Release\Tetris.exe
     1>Done Building Project "C:\LEAP\cpp\Tetris\Tetris.vcxproj" (Rebuild target(s)).

Build succeeded.

Time Elapsed 00:00:03.43
